<?xml version="1.0" encoding="UTF-8"?>
<testng-results ignored="0" total="2" passed="1" failed="1" skipped="0">
  <reporter-output>
  </reporter-output>
  <suite started-at="2024-01-11T19:28:04 IST" name="Suite" finished-at="2024-01-11T19:28:17 IST" duration-ms="13189">
    <groups>
    </groups>
    <test started-at="2024-01-11T19:28:04 IST" name="Test" finished-at="2024-01-11T19:28:17 IST" duration-ms="13189">
      <class name="com.testCases.adnabu_Test">
        <test-method is-config="true" signature="setLog()[pri:0, instance:com.testCases.adnabu_Test@25641d39]" started-at="2024-01-11T19:28:03 IST" name="setLog" finished-at="2024-01-11T19:28:04 IST" duration-ms="227" status="PASS">
          <reporter-output>
          </reporter-output>
        </test-method> <!-- setLog -->
        <test-method is-config="true" signature="setBrowser(java.lang.String)[pri:0, instance:com.testCases.adnabu_Test@25641d39]" started-at="2024-01-11T19:28:04 IST" name="setBrowser" finished-at="2024-01-11T19:28:10 IST" duration-ms="6832" status="PASS">
          <params>
            <param index="0">
              <value>
                <![CDATA[firefox]]>
              </value>
            </param>
          </params>
          <reporter-output>
          </reporter-output>
        </test-method> <!-- setBrowser -->
        <test-method is-config="true" signature="setClass()[pri:0, instance:com.testCases.adnabu_Test@25641d39]" started-at="2024-01-11T19:28:10 IST" name="setClass" finished-at="2024-01-11T19:28:11 IST" duration-ms="46" status="PASS">
          <reporter-output>
          </reporter-output>
        </test-method> <!-- setClass -->
        <test-method signature="verification_of_productSearchNfilter_Test()[pri:1, instance:com.testCases.adnabu_Test@25641d39]" started-at="2024-01-11T19:28:11 IST" name="verification_of_productSearchNfilter_Test" finished-at="2024-01-11T19:28:16 IST" duration-ms="5217" status="PASS">
          <reporter-output>
          </reporter-output>
        </test-method> <!-- verification_of_productSearchNfilter_Test -->
        <test-method signature="verification_of_productRemoveFromCart_Test()[pri:2, instance:com.testCases.adnabu_Test@25641d39]" started-at="2024-01-11T19:28:16 IST" name="verification_of_productRemoveFromCart_Test" finished-at="2024-01-11T19:28:16 IST" duration-ms="63" status="FAIL">
          <exception class="java.lang.AssertionError">
            <message>
              <![CDATA[Unable Click on element Element <span class="visually-hidden"> could not be scrolled into view
Build info: version: '4.11.0', revision: '040bc5406b'
System info: os.name: 'Windows 10', os.arch: 'amd64', os.version: '10.0', java.version: '17.0.4'
Driver info: org.openqa.selenium.firefox.FirefoxDriver
Command: [1f8e702e-24b6-42e7-b5cc-2dd423c91965, clickElement {id=831a8009-5b39-412c-9f5a-873fe0543387}]
Capabilities {acceptInsecureCerts: true, browserName: firefox, browserVersion: 119.0.1, moz:accessibilityChecks: false, moz:buildID: 20231106151204, moz:debuggerAddress: 127.0.0.1:41691, moz:geckodriverVersion: 0.34.0, moz:headless: false, moz:platformVersion: 10.0, moz:processID: 15744, moz:profile: C:\Users\SIKAND~1.BSO\AppDa..., moz:shutdownTimeout: 60000, moz:webdriverClick: true, moz:windowless: false, pageLoadStrategy: normal, platformName: windows, proxy: Proxy(), se:cdp: ws://127.0.0.1:41691/devtoo..., se:cdpVersion: 85.0, setWindowRect: true, strictFileInteractability: false, timeouts: {implicit: 0, pageLoad: 300000, script: 30000}, unhandledPromptBehavior: dismiss and notify}
Element: [[FirefoxDriver: firefox on windows (1f8e702e-24b6-42e7-b5cc-2dd423c91965)] -> xpath: //span[text()='Cart']]
Session ID: 1f8e702e-24b6-42e7-b5cc-2dd423c91965 expected [true] but found [false]]]>
            </message>
            <full-stacktrace>
              <![CDATA[java.lang.AssertionError: Unable Click on element Element <span class="visually-hidden"> could not be scrolled into view
Build info: version: '4.11.0', revision: '040bc5406b'
System info: os.name: 'Windows 10', os.arch: 'amd64', os.version: '10.0', java.version: '17.0.4'
Driver info: org.openqa.selenium.firefox.FirefoxDriver
Command: [1f8e702e-24b6-42e7-b5cc-2dd423c91965, clickElement {id=831a8009-5b39-412c-9f5a-873fe0543387}]
Capabilities {acceptInsecureCerts: true, browserName: firefox, browserVersion: 119.0.1, moz:accessibilityChecks: false, moz:buildID: 20231106151204, moz:debuggerAddress: 127.0.0.1:41691, moz:geckodriverVersion: 0.34.0, moz:headless: false, moz:platformVersion: 10.0, moz:processID: 15744, moz:profile: C:\Users\SIKAND~1.BSO\AppDa..., moz:shutdownTimeout: 60000, moz:webdriverClick: true, moz:windowless: false, pageLoadStrategy: normal, platformName: windows, proxy: Proxy(), se:cdp: ws://127.0.0.1:41691/devtoo..., se:cdpVersion: 85.0, setWindowRect: true, strictFileInteractability: false, timeouts: {implicit: 0, pageLoad: 300000, script: 30000}, unhandledPromptBehavior: dismiss and notify}
Element: [[FirefoxDriver: firefox on windows (1f8e702e-24b6-42e7-b5cc-2dd423c91965)] -> xpath: //span[text()='Cart']]
Session ID: 1f8e702e-24b6-42e7-b5cc-2dd423c91965 expected [true] but found [false]
at org.testng.Assert.fail(Assert.java:99)
at org.testng.Assert.failNotEquals(Assert.java:1037)
at org.testng.Assert.assertTrue(Assert.java:45)
at com.GenericLibrary.CommonLibrary.buttonClick(CommonLibrary.java:71)
at com.PageObject.ProductSearchNfilter.viewNRemoveproductFromCart(ProductSearchNfilter.java:68)
at com.testCases.adnabu_Test.verification_of_productRemoveFromCart_Test(adnabu_Test.java:31)
at java.base/jdk.internal.reflect.NativeMethodAccessorImpl.invoke0(Native Method)
at java.base/jdk.internal.reflect.NativeMethodAccessorImpl.invoke(NativeMethodAccessorImpl.java:77)
at java.base/jdk.internal.reflect.DelegatingMethodAccessorImpl.invoke(DelegatingMethodAccessorImpl.java:43)
at java.base/java.lang.reflect.Method.invoke(Method.java:568)
at org.testng.internal.MethodInvocationHelper.invokeMethod(MethodInvocationHelper.java:132)
at org.testng.internal.TestInvoker.invokeMethod(TestInvoker.java:599)
at org.testng.internal.TestInvoker.invokeTestMethod(TestInvoker.java:174)
at org.testng.internal.MethodRunner.runInSequence(MethodRunner.java:46)
at org.testng.internal.TestInvoker$MethodInvocationAgent.invoke(TestInvoker.java:822)
at org.testng.internal.TestInvoker.invokeTestMethods(TestInvoker.java:147)
at org.testng.internal.TestMethodWorker.invokeTestMethods(TestMethodWorker.java:146)
at org.testng.internal.TestMethodWorker.run(TestMethodWorker.java:128)
at java.base/java.util.ArrayList.forEach(ArrayList.java:1511)
at org.testng.TestRunner.privateRun(TestRunner.java:764)
at org.testng.TestRunner.run(TestRunner.java:585)
at org.testng.SuiteRunner.runTest(SuiteRunner.java:384)
at org.testng.SuiteRunner.runSequentially(SuiteRunner.java:378)
at org.testng.SuiteRunner.privateRun(SuiteRunner.java:337)
at org.testng.SuiteRunner.run(SuiteRunner.java:286)
at org.testng.SuiteRunnerWorker.runSuite(SuiteRunnerWorker.java:53)
at org.testng.SuiteRunnerWorker.run(SuiteRunnerWorker.java:96)
at org.testng.TestNG.runSuitesSequentially(TestNG.java:1218)
at org.testng.TestNG.runSuitesLocally(TestNG.java:1140)
at org.testng.TestNG.runSuites(TestNG.java:1069)
at org.testng.TestNG.run(TestNG.java:1037)
at org.testng.remote.AbstractRemoteTestNG.run(AbstractRemoteTestNG.java:115)
at org.testng.remote.RemoteTestNG.initAndRun(RemoteTestNG.java:251)
at org.testng.remote.RemoteTestNG.main(RemoteTestNG.java:77)
]]>
            </full-stacktrace>
          </exception> <!-- java.lang.AssertionError -->
          <reporter-output>
          </reporter-output>
        </test-method> <!-- verification_of_productRemoveFromCart_Test -->
        <test-method is-config="true" signature="closeBrowser()[pri:0, instance:com.testCases.adnabu_Test@25641d39]" started-at="2024-01-11T19:28:16 IST" name="closeBrowser" finished-at="2024-01-11T19:28:17 IST" duration-ms="992" status="PASS">
          <reporter-output>
          </reporter-output>
        </test-method> <!-- closeBrowser -->
        <test-method is-config="true" signature="flushExtentReport()[pri:0, instance:com.testCases.adnabu_Test@25641d39]" started-at="2024-01-11T19:28:17 IST" name="flushExtentReport" finished-at="2024-01-11T19:28:17 IST" duration-ms="285" status="PASS">
          <reporter-output>
          </reporter-output>
        </test-method> <!-- flushExtentReport -->
      </class> <!-- com.testCases.adnabu_Test -->
    </test> <!-- Test -->
  </suite> <!-- Suite -->
</testng-results>
